Performing a staged update
PATCH DIRECTORY /home/strukturart/Schreibtisch/MyData/MyData/software/palemoon/updates/0
INSTALLATION DIRECTORY /home/strukturart/Schreibtisch/MyData/MyData/software/palemoon
WORKING DIRECTORY /home/strukturart/Schreibtisch/MyData/MyData/software/palemoon/updated
UPDATE TYPE complete
PREPARE REMOVEFILE updater.ini
PREPARE REMOVEFILE updater
PREPARE REMOVEFILE run-mozilla.sh
PREPARE REMOVEFILE removed-files
PREPARE REMOVEFILE precomplete
PREPARE REMOVEFILE plugin-container
PREPARE REMOVEFILE platform.ini
PREPARE REMOVEFILE palemoon-bin
PREPARE REMOVEFILE palemoon
PREPARE REMOVEFILE omni.ja
PREPARE REMOVEFILE libxul.so
PREPARE REMOVEFILE libssl3.so
PREPARE REMOVEFILE libsoftokn3.so
PREPARE REMOVEFILE libsoftokn3.chk
PREPARE REMOVEFILE libsmime3.so
PREPARE REMOVEFILE libplds4.so
PREPARE REMOVEFILE libplc4.so
PREPARE REMOVEFILE libnssutil3.so
PREPARE REMOVEFILE libnssdbm3.so
PREPARE REMOVEFILE libnssdbm3.chk
PREPARE REMOVEFILE libnssckbi.so
PREPARE REMOVEFILE libnss3.so
PREPARE REMOVEFILE libnspr4.so
PREPARE REMOVEFILE libmozsqlite3.so
PREPARE REMOVEFILE libmozavutil.so
PREPARE REMOVEFILE libmozavcodec.so
PREPARE REMOVEFILE liblgpllibs.so
PREPARE REMOVEFILE libfreeblpriv3.so
PREPARE REMOVEFILE libfreeblpriv3.chk
PREPARE REMOVEFILE icudt58l.dat
PREPARE REMOVEFILE icons/updater.png
PREPARE REMOVEFILE fonts/TwemojiMozilla.ttf
PREPARE REMOVEFILE dictionaries/en-US.dic
PREPARE REMOVEFILE dictionaries/en-US.aff
PREPARE REMOVEFILE dependentlibs.list
PREPARE REMOVEFILE chrome.manifest
PREPARE REMOVEFILE browser/searchplugins/yahoo.xml
PREPARE REMOVEFILE browser/searchplugins/wikipedia.xml
PREPARE REMOVEFILE browser/searchplugins/twitter.xml
PREPARE REMOVEFILE browser/searchplugins/ecosia.xml
PREPARE REMOVEFILE browser/searchplugins/duckduckgo-palemoon.xml
PREPARE REMOVEFILE browser/searchplugins/bing.xml
PREPARE REMOVEFILE browser/omni.ja
PREPARE REMOVEFILE browser/icons/mozicon128.png
PREPARE REMOVEFILE browser/extensions/{972ce4c6-7e08-4474-a285-3208198ce6fd}.xpi
PREPARE REMOVEFILE browser/components/libbrowsercomps.so
PREPARE REMOVEFILE browser/components/components.manifest
PREPARE REMOVEFILE browser/chrome/icons/default/default48.png
PREPARE REMOVEFILE browser/chrome/icons/default/default32.png
PREPARE REMOVEFILE browser/chrome/icons/default/default16.png
PREPARE REMOVEFILE browser/chrome.manifest
PREPARE REMOVEFILE browser/blocklist.xml
PREPARE REMOVEFILE application.ini
PREPARE REMOVEDIR icons/
PREPARE REMOVEDIR fonts/
PREPARE REMOVEDIR dictionaries/
PREPARE REMOVEDIR defaults/pref/
PREPARE REMOVEDIR defaults/
PREPARE REMOVEDIR browser/searchplugins/
PREPARE REMOVEDIR browser/icons/
PREPARE REMOVEDIR browser/extensions/
PREPARE REMOVEDIR browser/components/
PREPARE REMOVEDIR browser/chrome/icons/default/
PREPARE REMOVEDIR browser/chrome/icons/
PREPARE REMOVEDIR browser/chrome/
PREPARE REMOVEDIR browser/
PREPARE ADD updater.ini
PREPARE ADD updater
PREPARE ADD run-mozilla.sh
PREPARE ADD removed-files
PREPARE ADD precomplete
PREPARE ADD plugin-container
PREPARE ADD platform.ini
PREPARE ADD palemoon-bin
PREPARE ADD palemoon
PREPARE ADD omni.ja
PREPARE ADD libxul.so
PREPARE ADD libssl3.so
PREPARE ADD libsoftokn3.so
PREPARE ADD libsoftokn3.chk
PREPARE ADD libsmime3.so
PREPARE ADD libplds4.so
PREPARE ADD libplc4.so
PREPARE ADD libnssutil3.so
PREPARE ADD libnssdbm3.so
PREPARE ADD libnssdbm3.chk
PREPARE ADD libnssckbi.so
PREPARE ADD libnss3.so
PREPARE ADD libnspr4.so
PREPARE ADD libmozsqlite3.so
PREPARE ADD libmozavutil.so
PREPARE ADD libmozavcodec.so
PREPARE ADD liblgpllibs.so
PREPARE ADD libfreeblpriv3.so
PREPARE ADD libfreeblpriv3.chk
PREPARE ADD icudt58l.dat
PREPARE ADD icons/updater.png
PREPARE ADD fonts/TwemojiMozilla.ttf
PREPARE ADD dictionaries/en-US.dic
PREPARE ADD dictionaries/en-US.aff
PREPARE ADD dependentlibs.list
PREPARE ADD defaults/pref/channel-prefs.js
PREPARE ADD chrome.manifest
PREPARE ADD browser/searchplugins/yahoo.xml
PREPARE ADD browser/searchplugins/wikipedia.xml
PREPARE ADD browser/searchplugins/twitter.xml
PREPARE ADD browser/searchplugins/ecosia.xml
PREPARE ADD browser/searchplugins/duckduckgo-palemoon.xml
PREPARE ADD browser/searchplugins/bing.xml
PREPARE ADD browser/omni.ja
PREPARE ADD browser/icons/mozicon128.png
PREPARE ADD browser/extensions/{972ce4c6-7e08-4474-a285-3208198ce6fd}.xpi
PREPARE ADD browser/components/libbrowsercomps.so
PREPARE ADD browser/components/components.manifest
PREPARE ADD browser/chrome.manifest
PREPARE ADD browser/chrome/icons/default/default48.png
PREPARE ADD browser/chrome/icons/default/default32.png
PREPARE ADD browser/chrome/icons/default/default16.png
PREPARE ADD browser/blocklist.xml
PREPARE ADD application.ini
EXECUTE REMOVEFILE updater.ini
EXECUTE REMOVEFILE updater
EXECUTE REMOVEFILE run-mozilla.sh
EXECUTE REMOVEFILE removed-files
EXECUTE REMOVEFILE precomplete
EXECUTE REMOVEFILE plugin-container
EXECUTE REMOVEFILE platform.ini
EXECUTE REMOVEFILE palemoon-bin
EXECUTE REMOVEFILE palemoon
EXECUTE REMOVEFILE omni.ja
EXECUTE REMOVEFILE libxul.so
EXECUTE REMOVEFILE libssl3.so
EXECUTE REMOVEFILE libsoftokn3.so
EXECUTE REMOVEFILE libsoftokn3.chk
EXECUTE REMOVEFILE libsmime3.so
EXECUTE REMOVEFILE libplds4.so
EXECUTE REMOVEFILE libplc4.so
EXECUTE REMOVEFILE libnssutil3.so
EXECUTE REMOVEFILE libnssdbm3.so
EXECUTE REMOVEFILE libnssdbm3.chk
EXECUTE REMOVEFILE libnssckbi.so
EXECUTE REMOVEFILE libnss3.so
EXECUTE REMOVEFILE libnspr4.so
EXECUTE REMOVEFILE libmozsqlite3.so
EXECUTE REMOVEFILE libmozavutil.so
EXECUTE REMOVEFILE libmozavcodec.so
EXECUTE REMOVEFILE liblgpllibs.so
EXECUTE REMOVEFILE libfreeblpriv3.so
EXECUTE REMOVEFILE libfreeblpriv3.chk
EXECUTE REMOVEFILE icudt58l.dat
EXECUTE REMOVEFILE icons/updater.png
EXECUTE REMOVEFILE fonts/TwemojiMozilla.ttf
EXECUTE REMOVEFILE dictionaries/en-US.dic
EXECUTE REMOVEFILE dictionaries/en-US.aff
EXECUTE REMOVEFILE dependentlibs.list
EXECUTE REMOVEFILE chrome.manifest
EXECUTE REMOVEFILE browser/searchplugins/yahoo.xml
EXECUTE REMOVEFILE browser/searchplugins/wikipedia.xml
EXECUTE REMOVEFILE browser/searchplugins/twitter.xml
EXECUTE REMOVEFILE browser/searchplugins/ecosia.xml
EXECUTE REMOVEFILE browser/searchplugins/duckduckgo-palemoon.xml
EXECUTE REMOVEFILE browser/searchplugins/bing.xml
EXECUTE REMOVEFILE browser/omni.ja
EXECUTE REMOVEFILE browser/icons/mozicon128.png
EXECUTE REMOVEFILE browser/extensions/{972ce4c6-7e08-4474-a285-3208198ce6fd}.xpi
EXECUTE REMOVEFILE browser/components/libbrowsercomps.so
EXECUTE REMOVEFILE browser/components/components.manifest
EXECUTE REMOVEFILE browser/chrome/icons/default/default48.png
EXECUTE REMOVEFILE browser/chrome/icons/default/default32.png
EXECUTE REMOVEFILE browser/chrome/icons/default/default16.png
EXECUTE REMOVEFILE browser/chrome.manifest
EXECUTE REMOVEFILE browser/blocklist.xml
EXECUTE REMOVEFILE application.ini
EXECUTE REMOVEDIR icons/
EXECUTE REMOVEDIR fonts/
EXECUTE REMOVEDIR dictionaries/
EXECUTE REMOVEDIR defaults/pref/
EXECUTE REMOVEDIR defaults/
EXECUTE REMOVEDIR browser/searchplugins/
EXECUTE REMOVEDIR browser/icons/
EXECUTE REMOVEDIR browser/extensions/
EXECUTE REMOVEDIR browser/components/
EXECUTE REMOVEDIR browser/chrome/icons/default/
EXECUTE REMOVEDIR browser/chrome/icons/
EXECUTE REMOVEDIR browser/chrome/
EXECUTE REMOVEDIR browser/
EXECUTE ADD updater.ini
EXECUTE ADD updater
EXECUTE ADD run-mozilla.sh
EXECUTE ADD removed-files
EXECUTE ADD precomplete
EXECUTE ADD plugin-container
EXECUTE ADD platform.ini
EXECUTE ADD palemoon-bin
EXECUTE ADD palemoon
EXECUTE ADD omni.ja
EXECUTE ADD libxul.so
EXECUTE ADD libssl3.so
EXECUTE ADD libsoftokn3.so
EXECUTE ADD libsoftokn3.chk
EXECUTE ADD libsmime3.so
EXECUTE ADD libplds4.so
EXECUTE ADD libplc4.so
EXECUTE ADD libnssutil3.so
EXECUTE ADD libnssdbm3.so
EXECUTE ADD libnssdbm3.chk
EXECUTE ADD libnssckbi.so
EXECUTE ADD libnss3.so
EXECUTE ADD libnspr4.so
EXECUTE ADD libmozsqlite3.so
EXECUTE ADD libmozavutil.so
EXECUTE ADD libmozavcodec.so
EXECUTE ADD liblgpllibs.so
EXECUTE ADD libfreeblpriv3.so
EXECUTE ADD libfreeblpriv3.chk
EXECUTE ADD icudt58l.dat
EXECUTE ADD icons/updater.png
EXECUTE ADD fonts/TwemojiMozilla.ttf
EXECUTE ADD dictionaries/en-US.dic
EXECUTE ADD dictionaries/en-US.aff
EXECUTE ADD dependentlibs.list
EXECUTE ADD defaults/pref/channel-prefs.js
EXECUTE ADD chrome.manifest
EXECUTE ADD browser/searchplugins/yahoo.xml
EXECUTE ADD browser/searchplugins/wikipedia.xml
EXECUTE ADD browser/searchplugins/twitter.xml
EXECUTE ADD browser/searchplugins/ecosia.xml
EXECUTE ADD browser/searchplugins/duckduckgo-palemoon.xml
EXECUTE ADD browser/searchplugins/bing.xml
EXECUTE ADD browser/omni.ja
EXECUTE ADD browser/icons/mozicon128.png
EXECUTE ADD browser/extensions/{972ce4c6-7e08-4474-a285-3208198ce6fd}.xpi
EXECUTE ADD browser/components/libbrowsercomps.so
EXECUTE ADD browser/components/components.manifest
EXECUTE ADD browser/chrome.manifest
EXECUTE ADD browser/chrome/icons/default/default48.png
EXECUTE ADD browser/chrome/icons/default/default32.png
EXECUTE ADD browser/chrome/icons/default/default16.png
EXECUTE ADD browser/blocklist.xml
EXECUTE ADD application.ini
FINISH REMOVEFILE updater.ini
FINISH REMOVEFILE updater
FINISH REMOVEFILE run-mozilla.sh
FINISH REMOVEFILE removed-files
FINISH REMOVEFILE precomplete
FINISH REMOVEFILE plugin-container
FINISH REMOVEFILE platform.ini
FINISH REMOVEFILE palemoon-bin
FINISH REMOVEFILE palemoon
FINISH REMOVEFILE omni.ja
FINISH REMOVEFILE libxul.so
FINISH REMOVEFILE libssl3.so
FINISH REMOVEFILE libsoftokn3.so
FINISH REMOVEFILE libsoftokn3.chk
FINISH REMOVEFILE libsmime3.so
FINISH REMOVEFILE libplds4.so
FINISH REMOVEFILE libplc4.so
FINISH REMOVEFILE libnssutil3.so
FINISH REMOVEFILE libnssdbm3.so
FINISH REMOVEFILE libnssdbm3.chk
FINISH REMOVEFILE libnssckbi.so
FINISH REMOVEFILE libnss3.so
FINISH REMOVEFILE libnspr4.so
FINISH REMOVEFILE libmozsqlite3.so
FINISH REMOVEFILE libmozavutil.so
FINISH REMOVEFILE libmozavcodec.so
FINISH REMOVEFILE liblgpllibs.so
FINISH REMOVEFILE libfreeblpriv3.so
FINISH REMOVEFILE libfreeblpriv3.chk
FINISH REMOVEFILE icudt58l.dat
FINISH REMOVEFILE icons/updater.png
FINISH REMOVEFILE fonts/TwemojiMozilla.ttf
FINISH REMOVEFILE dictionaries/en-US.dic
FINISH REMOVEFILE dictionaries/en-US.aff
FINISH REMOVEFILE dependentlibs.list
FINISH REMOVEFILE chrome.manifest
FINISH REMOVEFILE browser/searchplugins/yahoo.xml
FINISH REMOVEFILE browser/searchplugins/wikipedia.xml
FINISH REMOVEFILE browser/searchplugins/twitter.xml
FINISH REMOVEFILE browser/searchplugins/ecosia.xml
FINISH REMOVEFILE browser/searchplugins/duckduckgo-palemoon.xml
FINISH REMOVEFILE browser/searchplugins/bing.xml
FINISH REMOVEFILE browser/omni.ja
FINISH REMOVEFILE browser/icons/mozicon128.png
FINISH REMOVEFILE browser/extensions/{972ce4c6-7e08-4474-a285-3208198ce6fd}.xpi
FINISH REMOVEFILE browser/components/libbrowsercomps.so
FINISH REMOVEFILE browser/components/components.manifest
FINISH REMOVEFILE browser/chrome/icons/default/default48.png
FINISH REMOVEFILE browser/chrome/icons/default/default32.png
FINISH REMOVEFILE browser/chrome/icons/default/default16.png
FINISH REMOVEFILE browser/chrome.manifest
FINISH REMOVEFILE browser/blocklist.xml
FINISH REMOVEFILE application.ini
FINISH REMOVEDIR icons/
non-fatal error removing directory: icons/, rv: 0, err: 39
FINISH REMOVEDIR fonts/
non-fatal error removing directory: fonts/, rv: 0, err: 39
FINISH REMOVEDIR dictionaries/
non-fatal error removing directory: dictionaries/, rv: 0, err: 39
FINISH REMOVEDIR defaults/pref/
non-fatal error removing directory: defaults/pref/, rv: 0, err: 39
FINISH REMOVEDIR defaults/
non-fatal error removing directory: defaults/, rv: 0, err: 39
FINISH REMOVEDIR browser/searchplugins/
non-fatal error removing directory: browser/searchplugins/, rv: 0, err: 39
FINISH REMOVEDIR browser/icons/
non-fatal error removing directory: browser/icons/, rv: 0, err: 39
FINISH REMOVEDIR browser/extensions/
non-fatal error removing directory: browser/extensions/, rv: 0, err: 39
FINISH REMOVEDIR browser/components/
non-fatal error removing directory: browser/components/, rv: 0, err: 39
FINISH REMOVEDIR browser/chrome/icons/default/
non-fatal error removing directory: browser/chrome/icons/default/, rv: 0, err: 39
FINISH REMOVEDIR browser/chrome/icons/
non-fatal error removing directory: browser/chrome/icons/, rv: 0, err: 39
FINISH REMOVEDIR browser/chrome/
non-fatal error removing directory: browser/chrome/, rv: 0, err: 39
FINISH REMOVEDIR browser/
non-fatal error removing directory: browser/, rv: 0, err: 39
FINISH ADD updater.ini
FINISH ADD updater
FINISH ADD run-mozilla.sh
FINISH ADD removed-files
FINISH ADD precomplete
FINISH ADD plugin-container
FINISH ADD platform.ini
FINISH ADD palemoon-bin
FINISH ADD palemoon
FINISH ADD omni.ja
FINISH ADD libxul.so
FINISH ADD libssl3.so
FINISH ADD libsoftokn3.so
FINISH ADD libsoftokn3.chk
FINISH ADD libsmime3.so
FINISH ADD libplds4.so
FINISH ADD libplc4.so
FINISH ADD libnssutil3.so
FINISH ADD libnssdbm3.so
FINISH ADD libnssdbm3.chk
FINISH ADD libnssckbi.so
FINISH ADD libnss3.so
FINISH ADD libnspr4.so
FINISH ADD libmozsqlite3.so
FINISH ADD libmozavutil.so
FINISH ADD libmozavcodec.so
FINISH ADD liblgpllibs.so
FINISH ADD libfreeblpriv3.so
FINISH ADD libfreeblpriv3.chk
FINISH ADD icudt58l.dat
FINISH ADD icons/updater.png
FINISH ADD fonts/TwemojiMozilla.ttf
FINISH ADD dictionaries/en-US.dic
FINISH ADD dictionaries/en-US.aff
FINISH ADD dependentlibs.list
FINISH ADD defaults/pref/channel-prefs.js
FINISH ADD chrome.manifest
FINISH ADD browser/searchplugins/yahoo.xml
FINISH ADD browser/searchplugins/wikipedia.xml
FINISH ADD browser/searchplugins/twitter.xml
FINISH ADD browser/searchplugins/ecosia.xml
FINISH ADD browser/searchplugins/duckduckgo-palemoon.xml
FINISH ADD browser/searchplugins/bing.xml
FINISH ADD browser/omni.ja
FINISH ADD browser/icons/mozicon128.png
FINISH ADD browser/extensions/{972ce4c6-7e08-4474-a285-3208198ce6fd}.xpi
FINISH ADD browser/components/libbrowsercomps.so
FINISH ADD browser/components/components.manifest
FINISH ADD browser/chrome.manifest
FINISH ADD browser/chrome/icons/default/default48.png
FINISH ADD browser/chrome/icons/default/default32.png
FINISH ADD browser/chrome/icons/default/default16.png
FINISH ADD browser/blocklist.xml
FINISH ADD application.ini
succeeded
calling QuitProgressUI
